<?xml version="1.0" encoding="UTF-8"?>
<testng-results skipped="0" failed="1" ignored="2" total="3" passed="0">
  <reporter-output>
  </reporter-output>
  <suite name="Default suite" duration-ms="1312" started-at="2021-11-23T12:56:43 IST" finished-at="2021-11-23T12:56:45 IST">
    <groups>
    </groups>
    <test name="Default test" duration-ms="1312" started-at="2021-11-23T12:56:43 IST" finished-at="2021-11-23T12:56:45 IST">
      <class name="com.testcases.LoginPageTest">
        <test-method status="PASS" signature="Reportsetup()[pri:0, instance:com.testcases.LoginPageTest@2f0a87b3]" name="Reportsetup" is-config="true" duration-ms="516" started-at="2021-11-23T12:56:43 IST" finished-at="2021-11-23T12:56:44 IST">
          <reporter-output>
          </reporter-output>
        </test-method> <!-- Reportsetup -->
        <test-method status="FAIL" signature="validateLoginTestUsingParameters(java.lang.String,java.lang.String)[pri:0, instance:com.testcases.LoginPageTest@2f0a87b3]" name="validateLoginTestUsingParameters" duration-ms="0" started-at="2021-11-23T12:56:44 IST" finished-at="2021-11-23T12:56:44 IST">
          <exception class="org.testng.TestNGException">
            <message>
              <![CDATA[
Parameter 'uname' is required by @Test on method validateLoginTestUsingParameters but has not been marked @Optional or defined
in C:\Users\THARUN\AppData\Local\Temp\testng-eclipse--336987348\testng-customsuite.xml]]>
            </message>
            <full-stacktrace>
              <![CDATA[org.testng.TestNGException: 
Parameter 'uname' is required by @Test on method validateLoginTestUsingParameters but has not been marked @Optional or defined
in C:\Users\THARUN\AppData\Local\Temp\testng-eclipse--336987348\testng-customsuite.xml
at org.testng.internal.Parameters.createParams(Parameters.java:270)
at org.testng.internal.Parameters.createParametersForMethod(Parameters.java:358)
at org.testng.internal.Parameters.createParameters(Parameters.java:700)
at org.testng.internal.Parameters.handleParameters(Parameters.java:884)
at org.testng.internal.Parameters.handleParameters(Parameters.java:740)
at org.testng.internal.ParameterHandler.handleParameters(ParameterHandler.java:59)
at org.testng.internal.ParameterHandler.createParameters(ParameterHandler.java:38)
at org.testng.internal.TestInvoker$MethodInvocationAgent.invoke(TestInvoker.java:791)
at org.testng.internal.TestInvoker.invokeTestMethods(TestInvoker.java:146)
at org.testng.internal.TestMethodWorker.invokeTestMethods(TestMethodWorker.java:146)
at org.testng.internal.TestMethodWorker.run(TestMethodWorker.java:128)
at java.util.ArrayList.forEach(Unknown Source)
at org.testng.TestRunner.privateRun(TestRunner.java:794)
at org.testng.TestRunner.run(TestRunner.java:596)
at org.testng.SuiteRunner.runTest(SuiteRunner.java:377)
at org.testng.SuiteRunner.runSequentially(SuiteRunner.java:371)
at org.testng.SuiteRunner.privateRun(SuiteRunner.java:332)
at org.testng.SuiteRunner.run(SuiteRunner.java:276)
at org.testng.SuiteRunnerWorker.runSuite(SuiteRunnerWorker.java:53)
at org.testng.SuiteRunnerWorker.run(SuiteRunnerWorker.java:96)
at org.testng.TestNG.runSuitesSequentially(TestNG.java:1212)
at org.testng.TestNG.runSuitesLocally(TestNG.java:1134)
at org.testng.TestNG.runSuites(TestNG.java:1063)
at org.testng.TestNG.run(TestNG.java:1031)
at org.testng.remote.AbstractRemoteTestNG.run(AbstractRemoteTestNG.java:115)
at org.testng.remote.RemoteTestNG.initAndRun(RemoteTestNG.java:251)
at org.testng.remote.RemoteTestNG.main(RemoteTestNG.java:77)
]]>
            </full-stacktrace>
          </exception> <!-- org.testng.TestNGException -->
          <reporter-output>
          </reporter-output>
        </test-method> <!-- validateLoginTestUsingParameters -->
        <test-method status="PASS" signature="GenerateReport()[pri:0, instance:com.testcases.LoginPageTest@2f0a87b3]" name="GenerateReport" is-config="true" duration-ms="711" started-at="2021-11-23T12:56:44 IST" finished-at="2021-11-23T12:56:45 IST">
          <reporter-output>
          </reporter-output>
        </test-method> <!-- GenerateReport -->
      </class> <!-- com.testcases.LoginPageTest -->
    </test> <!-- Default test -->
  </suite> <!-- Default suite -->
</testng-results>
